<?xml version="1.0" encoding="UTF-8"?>
<!-- Generated by org.testng.reporters.JUnitReportReporter -->
<testsuite hostname="WAPERTLP42" failures="0" tests="1" name="web.amazon.tests.PriceTests" time="20.498" errors="0" timestamp="2020-10-08T07:49:33 AWST" skipped="0">
  <testcase classname="web.amazon.tests.PriceTests" name="verifyProductPrice" time="20.498"/>
  <system-out/>
</testsuite> <!-- web.amazon.tests.PriceTests -->
